<?xml version="1.0" encoding="UTF-8"?>
<!-- Generated by org.testng.reporters.JUnitReportReporter -->
<testsuite hostname="DESKTOP-G8I6835" failures="0" tests="3" name="com.sevenmartsupermarket.base.LoginTest" time="52.591" errors="0" timestamp="2024-05-23T21:55:32 IST" skipped="0">
  <testcase classname="com.sevenmartsupermarket.base.LoginTest" name="verifyValidUserLogin" time="21.699"/>
  <testcase classname="com.sevenmartsupermarket.base.LoginTest" name="verifyInvalidUserLogin" time="16.834"/>
  <testcase classname="com.sevenmartsupermarket.base.LoginTest" name="verify_Login" time="14.058"/>
</testsuite> <!-- com.sevenmartsupermarket.base.LoginTest -->
