<?xml version="1.0" encoding="UTF-8"?>
<!-- Generated by org.testng.reporters.JUnitReportReporter -->
<testsuite hostname="DESKTOP-G8I6835" failures="0" tests="1" name="com.sevenmartsupermarket.base.LoginTest" time="12.459" errors="0" timestamp="2024-05-15T17:23:41 IST" skipped="0">
  <testcase classname="com.sevenmartsupermarket.base.LoginTest" name="verifyInvalidUserLogin" time="12.459"/>
</testsuite> <!-- com.sevenmartsupermarket.base.LoginTest -->
