<?xml version="1.0" encoding="UTF-8"?>
<!-- Generated by org.testng.reporters.JUnitReportReporter -->
<testsuite hostname="DESKTOP-G8I6835" failures="0" tests="1" name="com.sevenmartsupermarket.base.AdminTest" time="23.177" errors="0" timestamp="2024-05-21T19:20:10 IST" skipped="0">
  <testcase classname="com.sevenmartsupermarket.base.AdminTest" name="duplicationDetails" time="23.177"/>
</testsuite> <!-- com.sevenmartsupermarket.base.AdminTest -->
